<?xml version="1.0" encoding="UTF-8"?>
<!DOCTYPE coverage SYSTEM "http://cobertura.sourceforge.net/xml/coverage-04.dtd">
<coverage line-rate="0.6101695" branch-rate="0" lines-covered="72" lines-valid="118" branches-covered="0" branches-valid="0" complexity="0" version="" timestamp="1718096278654">
	<packages>
		<package name="test-app-product-catelog" line-rate="0.6101695" branch-rate="0" complexity="0" line-count="118" line-hits="72">
			<classes>
				<class name="App" filename="app.go" line-rate="0.62650603" branch-rate="0" complexity="0" line-count="83" line-hits="52">
					<methods>
						<method name="Initialize" signature="" line-rate="0.8888889" branch-rate="0" complexity="0" line-count="0" line-hits="0">
							<lines>
								<line number="32" hits="1"></line>
								<line number="36" hits="1"></line>
								<line number="37" hits="1"></line>
								<line number="38" hits="1"></line>
								<line number="39" hits="0"></line>
								<line number="42" hits="1"></line>
								<line number="43" hits="1"></line>
								<line number="49" hits="1"></line>
								<line number="50" hits="1"></line>
							</lines>
						</method>
						<method name="Run" signature="" line-rate="0" branch-rate="0" complexity="0" line-count="0" line-hits="0">
							<lines>
								<line number="57" hits="0"></line>
								<line number="63" hits="0"></line>
								<line number="64" hits="0"></line>
								<line number="65" hits="0"></line>
								<line number="67" hits="0"></line>
								<line number="69" hits="0"></line>
								<line number="70" hits="0"></line>
								<line number="72" hits="0"></line>
								<line number="73" hits="0"></line>
								<line number="76" hits="0"></line>
							</lines>
						</method>
						<method name="getProduct" signature="" line-rate="0.75" branch-rate="0" complexity="0" line-count="0" line-hits="0">
							<lines>
								<line number="81" hits="1"></line>
								<line number="82" hits="1"></line>
								<line number="83" hits="1"></line>
								<line number="84" hits="0"></line>
								<line number="85" hits="0"></line>
								<line number="87" hits="1"></line>
								<line number="88" hits="1"></line>
								<line number="89" hits="1"></line>
								<line number="91" hits="1"></line>
								<line number="93" hits="0"></line>
								<line number="95" hits="1"></line>
								<line number="98" hits="1"></line>
							</lines>
						</method>
						<method name="getProducts" signature="" line-rate="0.72727275" branch-rate="0" complexity="0" line-count="0" line-hits="0">
							<lines>
								<line number="114" hits="1"></line>
								<line number="115" hits="1"></line>
								<line number="117" hits="1"></line>
								<line number="118" hits="1"></line>
								<line number="120" hits="1"></line>
								<line number="121" hits="0"></line>
								<line number="124" hits="1"></line>
								<line number="125" hits="1"></line>
								<line number="126" hits="0"></line>
								<line number="127" hits="0"></line>
								<line number="130" hits="1"></line>
							</lines>
						</method>
						<method name="createProduct" signature="" line-rate="0.6" branch-rate="0" complexity="0" line-count="0" line-hits="0">
							<lines>
								<line number="134" hits="1"></line>
								<line number="135" hits="1"></line>
								<line number="136" hits="1"></line>
								<line number="137" hits="0"></line>
								<line number="138" hits="0"></line>
								<line number="140" hits="1"></line>
								<line number="142" hits="1"></line>
								<line number="143" hits="0"></line>
								<line number="144" hits="0"></line>
								<line number="147" hits="1"></line>
							</lines>
						</method>
						<method name="updateProduct" signature="" line-rate="0.625" branch-rate="0" complexity="0" line-count="0" line-hits="0">
							<lines>
								<line number="151" hits="1"></line>
								<line number="152" hits="1"></line>
								<line number="153" hits="1"></line>
								<line number="154" hits="0"></line>
								<line number="155" hits="0"></line>
								<line number="158" hits="1"></line>
								<line number="159" hits="1"></line>
								<line number="160" hits="1"></line>
								<line number="161" hits="0"></line>
								<line number="162" hits="0"></line>
								<line number="164" hits="1"></line>
								<line number="165" hits="1"></line>
								<line number="167" hits="1"></line>
								<line number="168" hits="0"></line>
								<line number="169" hits="0"></line>
								<line number="172" hits="1"></line>
							</lines>
						</method>
						<method name="deleteProduct" signature="" line-rate="0.6" branch-rate="0" complexity="0" line-count="0" line-hits="0">
							<lines>
								<line number="176" hits="1"></line>
								<line number="177" hits="1"></line>
								<line number="178" hits="1"></line>
								<line number="179" hits="0"></line>
								<line number="180" hits="0"></line>
								<line number="183" hits="1"></line>
								<line number="184" hits="1"></line>
								<line number="185" hits="0"></line>
								<line number="186" hits="0"></line>
								<line number="189" hits="1"></line>
							</lines>
						</method>
						<method name="initializeRoutes" signature="" line-rate="1" branch-rate="0" complexity="0" line-count="0" line-hits="0">
							<lines>
								<line number="193" hits="1"></line>
								<line number="194" hits="1"></line>
								<line number="195" hits="1"></line>
								<line number="196" hits="1"></line>
								<line number="197" hits="1"></line>
							</lines>
						</method>
					</methods>
					<lines>
						<line number="32" hits="1"></line>
						<line number="36" hits="1"></line>
						<line number="37" hits="1"></line>
						<line number="38" hits="1"></line>
						<line number="39" hits="0"></line>
						<line number="42" hits="1"></line>
						<line number="43" hits="1"></line>
						<line number="49" hits="1"></line>
						<line number="50" hits="1"></line>
						<line number="57" hits="0"></line>
						<line number="63" hits="0"></line>
						<line number="64" hits="0"></line>
						<line number="65" hits="0"></line>
						<line number="67" hits="0"></line>
						<line number="69" hits="0"></line>
						<line number="70" hits="0"></line>
						<line number="72" hits="0"></line>
						<line number="73" hits="0"></line>
						<line number="76" hits="0"></line>
						<line number="81" hits="1"></line>
						<line number="82" hits="1"></line>
						<line number="83" hits="1"></line>
						<line number="84" hits="0"></line>
						<line number="85" hits="0"></line>
						<line number="87" hits="1"></line>
						<line number="88" hits="1"></line>
						<line number="89" hits="1"></line>
						<line number="91" hits="1"></line>
						<line number="93" hits="0"></line>
						<line number="95" hits="1"></line>
						<line number="98" hits="1"></line>
						<line number="114" hits="1"></line>
						<line number="115" hits="1"></line>
						<line number="117" hits="1"></line>
						<line number="118" hits="1"></line>
						<line number="120" hits="1"></line>
						<line number="121" hits="0"></line>
						<line number="124" hits="1"></line>
						<line number="125" hits="1"></line>
						<line number="126" hits="0"></line>
						<line number="127" hits="0"></line>
						<line number="130" hits="1"></line>
						<line number="134" hits="1"></line>
						<line number="135" hits="1"></line>
						<line number="136" hits="1"></line>
						<line number="137" hits="0"></line>
						<line number="138" hits="0"></line>
						<line number="140" hits="1"></line>
						<line number="142" hits="1"></line>
						<line number="143" hits="0"></line>
						<line number="144" hits="0"></line>
						<line number="147" hits="1"></line>
						<line number="151" hits="1"></line>
						<line number="152" hits="1"></line>
						<line number="153" hits="1"></line>
						<line number="154" hits="0"></line>
						<line number="155" hits="0"></line>
						<line number="158" hits="1"></line>
						<line number="159" hits="1"></line>
						<line number="160" hits="1"></line>
						<line number="161" hits="0"></line>
						<line number="162" hits="0"></line>
						<line number="164" hits="1"></line>
						<line number="165" hits="1"></line>
						<line number="167" hits="1"></line>
						<line number="168" hits="0"></line>
						<line number="169" hits="0"></line>
						<line number="172" hits="1"></line>
						<line number="176" hits="1"></line>
						<line number="177" hits="1"></line>
						<line number="178" hits="1"></line>
						<line number="179" hits="0"></line>
						<line number="180" hits="0"></line>
						<line number="183" hits="1"></line>
						<line number="184" hits="1"></line>
						<line number="185" hits="0"></line>
						<line number="186" hits="0"></line>
						<line number="189" hits="1"></line>
						<line number="193" hits="1"></line>
						<line number="194" hits="1"></line>
						<line number="195" hits="1"></line>
						<line number="196" hits="1"></line>
						<line number="197" hits="1"></line>
					</lines>
				</class>
				<class name="-" filename="app.go" line-rate="0.71428573" branch-rate="0" complexity="0" line-count="7" line-hits="5">
					<methods>
						<method name="@57:5" signature="" line-rate="0" branch-rate="0" complexity="0" line-count="0" line-hits="0">
							<lines>
								<line number="58" hits="0"></line>
								<line number="59" hits="0"></line>
							</lines>
						</method>
						<method name="respondWithError" signature="" line-rate="1" branch-rate="0" complexity="0" line-count="0" line-hits="0">
							<lines>
								<line number="102" hits="1"></line>
							</lines>
						</method>
						<method name="respondWithJSON" signature="" line-rate="1" branch-rate="0" complexity="0" line-count="0" line-hits="0">
							<lines>
								<line number="106" hits="1"></line>
								<line number="108" hits="1"></line>
								<line number="109" hits="1"></line>
								<line number="110" hits="1"></line>
							</lines>
						</method>
					</methods>
					<lines>
						<line number="58" hits="0"></line>
						<line number="59" hits="0"></line>
						<line number="102" hits="1"></line>
						<line number="106" hits="1"></line>
						<line number="108" hits="1"></line>
						<line number="109" hits="1"></line>
						<line number="110" hits="1"></line>
					</lines>
				</class>
				<class name="-" filename="main.go" line-rate="0.125" branch-rate="0" complexity="0" line-count="8" line-hits="1">
					<methods>
						<method name="handleDeferError" signature="" line-rate="0.5" branch-rate="0" complexity="0" line-count="0" line-hits="0">
							<lines>
								<line number="9" hits="1"></line>
								<line number="10" hits="0"></line>
							</lines>
						</method>
						<method name="main" signature="" line-rate="0" branch-rate="0" complexity="0" line-count="0" line-hits="0">
							<lines>
								<line number="15" hits="0"></line>
								<line number="16" hits="0"></line>
								<line number="23" hits="0"></line>
								<line number="24" hits="0"></line>
								<line number="27" hits="0"></line>
								<line number="29" hits="0"></line>
							</lines>
						</method>
					</methods>
					<lines>
						<line number="9" hits="1"></line>
						<line number="10" hits="0"></line>
						<line number="15" hits="0"></line>
						<line number="16" hits="0"></line>
						<line number="23" hits="0"></line>
						<line number="24" hits="0"></line>
						<line number="27" hits="0"></line>
						<line number="29" hits="0"></line>
					</lines>
				</class>
				<class name="product" filename="model.go" line-rate="0.8888889" branch-rate="0" complexity="0" line-count="9" line-hits="8">
					<methods>
						<method name="getProduct" signature="" line-rate="1" branch-rate="0" complexity="0" line-count="0" line-hits="0">
							<lines>
								<line number="16" hits="1"></line>
							</lines>
						</method>
						<method name="updateProduct" signature="" line-rate="1" branch-rate="0" complexity="0" line-count="0" line-hits="0">
							<lines>
								<line number="21" hits="1"></line>
								<line number="25" hits="1"></line>
							</lines>
						</method>
						<method name="deleteProduct" signature="" line-rate="1" branch-rate="0" complexity="0" line-count="0" line-hits="0">
							<lines>
								<line number="29" hits="1"></line>
								<line number="31" hits="1"></line>
							</lines>
						</method>
						<method name="createProduct" signature="" line-rate="0.75" branch-rate="0" complexity="0" line-count="0" line-hits="0">
							<lines>
								<line number="35" hits="1"></line>
								<line number="39" hits="1"></line>
								<line number="40" hits="0"></line>
								<line number="43" hits="1"></line>
							</lines>
						</method>
					</methods>
					<lines>
						<line number="16" hits="1"></line>
						<line number="21" hits="1"></line>
						<line number="25" hits="1"></line>
						<line number="29" hits="1"></line>
						<line number="31" hits="1"></line>
						<line number="35" hits="1"></line>
						<line number="39" hits="1"></line>
						<line number="40" hits="0"></line>
						<line number="43" hits="1"></line>
					</lines>
				</class>
				<class name="-" filename="model.go" line-rate="0.54545456" branch-rate="0" complexity="0" line-count="11" line-hits="6">
					<methods>
						<method name="getProducts" signature="" line-rate="0.54545456" branch-rate="0" complexity="0" line-count="0" line-hits="0">
							<lines>
								<line number="47" hits="1"></line>
								<line number="51" hits="1"></line>
								<line number="52" hits="0"></line>
								<line number="55" hits="1"></line>
								<line number="57" hits="1"></line>
								<line number="59" hits="1"></line>
								<line number="60" hits="0"></line>
								<line number="61" hits="0"></line>
								<line number="62" hits="0"></line>
								<line number="64" hits="0"></line>
								<line number="67" hits="1"></line>
							</lines>
						</method>
					</methods>
					<lines>
						<line number="47" hits="1"></line>
						<line number="51" hits="1"></line>
						<line number="52" hits="0"></line>
						<line number="55" hits="1"></line>
						<line number="57" hits="1"></line>
						<line number="59" hits="1"></line>
						<line number="60" hits="0"></line>
						<line number="61" hits="0"></line>
						<line number="62" hits="0"></line>
						<line number="64" hits="0"></line>
						<line number="67" hits="1"></line>
					</lines>
				</class>
			</classes>
		</package>
	</packages>
	<sources>
		<source>/workspaces/album-api</source>
	</sources>
</coverage>
